<?xml version="1.0" encoding="UTF-8"?>
<!-- Generated by org.testng.reporters.JUnitXMLReporter -->
<testsuite hostname="DELL-PC" name="HttpReqGenTest" tests="3" failures="0" timestamp="20 May 2015 08:26:26 GMT" time="1.474" errors="0">
  <testcase name="API Test" time="0.911" classname="com.demo.qa.rest_api_test.HTTPReqGenTest"/>
  <testcase name="API Test" time="0.03" classname="com.demo.qa.rest_api_test.HTTPReqGenTest"/>
  <testcase name="API Test" time="0.037" classname="com.demo.qa.rest_api_test.HTTPReqGenTest"/>
</testsuite> <!-- HttpReqGenTest -->
