<?xml version="1.0" encoding="UTF-8"?>
<testng-results skipped="0" failed="0" total="3" passed="3">
  <reporter-output>
  </reporter-output>
  <suite name="HttpReqGenTestSuite" duration-ms="1474" started-at="2015-05-20T08:26:25Z" finished-at="2015-05-20T08:26:26Z">
    <groups>
    </groups>
    <test name="HttpReqGenTest" duration-ms="1474" started-at="2015-05-20T08:26:25Z" finished-at="2015-05-20T08:26:26Z">
      <class name="com.demo.qa.rest_api_test.HTTPReqGenTest">
        <test-method status="PASS" signature="setup(java.lang.String)[pri:0, instance:com.demo.qa.rest_api_test.HTTPReqGenTest@3f0ee7cb]" name="setup" is-config="true" duration-ms="465" started-at="2015-05-20T16:26:25Z" finished-at="2015-05-20T16:26:25Z">
          <params>
            <param index="0">
              <value>
                <![CDATA[D:/testdata/Http_Request_Workbook_Data.xlsx]]>
              </value>
            </param>
          </params>
          <reporter-output>
          </reporter-output>
        </test-method> <!-- setup -->
        <test-method name="api_test" test-instance-name="API Test" signature="api_test(java.lang.String, java.lang.String)[pri:0, instance:com.demo.qa.rest_api_test.HTTPReqGenTest@3f0ee7cb]" status="PASS" duration-ms="911" finished-at="2015-05-20T16:26:26Z" started-at="2015-05-20T16:26:25Z" data-provider="WorkBookData" description="ReqGenTest">
          <params>
            <param index="0">
              <value>
                <![CDATA[1]]>
              </value>
            </param>
            <param index="1">
              <value>
                <![CDATA[aa]]>
              </value>
            </param>
          </params>
          <reporter-output>
          </reporter-output>
        </test-method> <!-- api_test -->
        <test-method name="api_test" test-instance-name="API Test" signature="api_test(java.lang.String, java.lang.String)[pri:0, instance:com.demo.qa.rest_api_test.HTTPReqGenTest@3f0ee7cb]" status="PASS" duration-ms="30" finished-at="2015-05-20T16:26:26Z" started-at="2015-05-20T16:26:26Z" data-provider="WorkBookData" description="ReqGenTest">
          <params>
            <param index="0">
              <value>
                <![CDATA[2]]>
              </value>
            </param>
            <param index="1">
              <value>
                <![CDATA[bb]]>
              </value>
            </param>
          </params>
          <reporter-output>
          </reporter-output>
        </test-method> <!-- api_test -->
        <test-method name="api_test" test-instance-name="API Test" signature="api_test(java.lang.String, java.lang.String)[pri:0, instance:com.demo.qa.rest_api_test.HTTPReqGenTest@3f0ee7cb]" status="PASS" duration-ms="37" finished-at="2015-05-20T16:26:26Z" started-at="2015-05-20T16:26:26Z" data-provider="WorkBookData" description="ReqGenTest">
          <params>
            <param index="0">
              <value>
                <![CDATA[3]]>
              </value>
            </param>
            <param index="1">
              <value>
                <![CDATA[cc]]>
              </value>
            </param>
          </params>
          <reporter-output>
          </reporter-output>
        </test-method> <!-- api_test -->
        <test-method status="PASS" signature="teardown()[pri:0, instance:com.demo.qa.rest_api_test.HTTPReqGenTest@3f0ee7cb]" name="teardown" is-config="true" duration-ms="4" started-at="2015-05-20T16:26:26Z" finished-at="2015-05-20T16:26:26Z">
          <reporter-output>
          </reporter-output>
        </test-method> <!-- teardown -->
      </class> <!-- com.demo.qa.rest_api_test.HTTPReqGenTest -->
    </test> <!-- HttpReqGenTest -->
  </suite> <!-- HttpReqGenTestSuite -->
</testng-results>
